# JRE version: OpenJDK Runtime Environment Microsoft-9889599 (17.0.12+7) (build 17.0.12+7-LTS)
# Java VM: OpenJDK 64-Bit Server VM Microsoft-9889599 (17.0.12+7-LTS, mixed mode, sharing, tiered, compressed oops, compressed class ptrs, g1 gc, windows-amd64)
GC Precious Log:
 CPUs: 16 total, 16 available
 Memory: 32627M
 Large Page Support: Disabled
 NUMA Support: Disabled
 Compressed Oops: Enabled (Zero based)
 Heap Region Size: 4M
 Heap Min Capacity: 8M
 Heap Initial Capacity: 8M
 Heap Max Capacity: 8160M
 Pre-touch: Disabled
 Parallel Workers: 13
 Concurrent Workers: 3
 Concurrent Refinement Workers: 13
 Periodic GC: Disabled
Heap:
 garbage-first heap   total 163840K, used 40526K [0x0000000602000000, 0x0000000800000000)
  region size 4096K, 4 young (16384K), 1 survivors (4096K)
 Metaspace       used 8618K, committed 8768K, reserved 1114112K
  class space    used 942K, committed 1024K, reserved 1048576K
GC Heap History (20 events):
Event: 0.407 GC heap before
{Heap before GC invocations=4 (full 0):
 garbage-first heap   total 16384K, used 7882K [0x0000000602000000, 0x0000000800000000)
  region size 4096K, 2 young (8192K), 1 survivors (4096K)
 Metaspace       used 7696K, committed 7872K, reserved 1114112K
  class space    used 863K, committed 960K, reserved 1048576K
}
Event: 0.408 GC heap after
{Heap after GC invocations=5 (full 0):
 garbage-first heap   total 20480K, used 4746K [0x0000000602000000, 0x0000000800000000)
  region size 4096K, 1 young (4096K), 1 survivors (4096K)
 Metaspace       used 7696K, committed 7872K, reserved 1114112K
  class space    used 863K, committed 960K, reserved 1048576K
}
Event: 0.423 GC heap before
{Heap before GC invocations=5 (full 0):
 garbage-first heap   total 20480K, used 8842K [0x0000000602000000, 0x0000000800000000)
  region size 4096K, 2 young (8192K), 1 survivors (4096K)
 Metaspace       used 7696K, committed 7872K, reserved 1114112K
  class space    used 863K, committed 960K, reserved 1048576K
}
Event: 0.424 GC heap after
{Heap after GC invocations=6 (full 0):
 garbage-first heap   total 20480K, used 5242K [0x0000000602000000, 0x0000000800000000)
  region size 4096K, 1 young (4096K), 1 survivors (4096K)
 Metaspace       used 7696K, committed 7872K, reserved 1114112K
  class space    used 863K, committed 960K, reserved 1048576K
}
Event: 0.440 GC heap before
{Heap before GC invocations=6 (full 0):
 garbage-first heap   total 20480K, used 9338K [0x0000000602000000, 0x0000000800000000)
  region size 4096K, 2 young (8192K), 1 survivors (4096K)
 Metaspace       used 7697K, committed 7872K, reserved 1114112K
  class space    used 863K, committed 960K, reserved 1048576K
}
Event: 0.442 GC heap after
{Heap after GC invocations=7 (full 0):
 garbage-first heap   total 20480K, used 5849K [0x0000000602000000, 0x0000000800000000)
  region size 4096K, 1 young (4096K), 1 survivors (4096K)
 Metaspace       used 7697K, committed 7872K, reserved 1114112K
  class space    used 863K, committed 960K, reserved 1048576K
}
Event: 0.456 GC heap before
{Heap before GC invocations=7 (full 0):
 garbage-first heap   total 20480K, used 9945K [0x0000000602000000, 0x0000000800000000)
  region size 4096K, 2 young (8192K), 1 survivors (4096K)
 Metaspace       used 7698K, committed 7872K, reserved 1114112K
  class space    used 863K, committed 960K, reserved 1048576K
}
Event: 0.458 GC heap after
{Heap after GC invocations=8 (full 0):
 garbage-first heap   total 20480K, used 6537K [0x0000000602000000, 0x0000000800000000)
  region size 4096K, 1 young (4096K), 1 survivors (4096K)
 Metaspace       used 7698K, committed 7872K, reserved 1114112K
  class space    used 863K, committed 960K, reserved 1048576K
}
Event: 0.469 GC heap before
{Heap before GC invocations=8 (full 0):
 garbage-first heap   total 20480K, used 10633K [0x0000000602000000, 0x0000000800000000)
  region size 4096K, 2 young (8192K), 1 survivors (4096K)
 Metaspace       used 7706K, committed 7872K, reserved 1114112K
  class space    used 863K, committed 960K, reserved 1048576K
}
Event: 0.471 GC heap after
{Heap after GC invocations=9 (full 0):
 garbage-first heap   total 40960K, used 7304K [0x0000000602000000, 0x0000000800000000)
  region size 4096K, 1 young (4096K), 1 survivors (4096K)
 Metaspace       used 7706K, committed 7872K, reserved 1114112K
  class space    used 863K, committed 960K, reserved 1048576K
}
Event: 0.536 GC heap before
{Heap before GC invocations=9 (full 0):
 garbage-first heap   total 40960K, used 31880K [0x0000000602000000, 0x0000000800000000)
  region size 4096K, 4 young (16384K), 1 survivors (4096K)
 Metaspace       used 7721K, committed 7936K, reserved 1114112K
  class space    used 863K, committed 960K, reserved 1048576K
}
Event: 0.538 GC heap after
{Heap after GC invocations=10 (full 0):
 garbage-first heap   total 40960K, used 21479K [0x0000000602000000, 0x0000000800000000)
  region size 4096K, 1 young (4096K), 1 survivors (4096K)
 Metaspace       used 7721K, committed 7936K, reserved 1114112K
  class space    used 863K, committed 960K, reserved 1048576K
}
Event: 0.559 GC heap before
{Heap before GC invocations=10 (full 0):
 garbage-first heap   total 40960K, used 25575K [0x0000000602000000, 0x0000000800000000)
  region size 4096K, 2 young (8192K), 1 survivors (4096K)
 Metaspace       used 7721K, committed 7936K, reserved 1114112K
  class space    used 863K, committed 960K, reserved 1048576K
}
Event: 0.562 GC heap after
{Heap after GC invocations=11 (full 0):
 garbage-first heap   total 40960K, used 21898K [0x0000000602000000, 0x0000000800000000)
  region size 4096K, 1 young (4096K), 1 survivors (4096K)
 Metaspace       used 7721K, committed 7936K, reserved 1114112K
  class space    used 863K, committed 960K, reserved 1048576K
}
Event: 0.582 GC heap before
{Heap before GC invocations=12 (full 0):
 garbage-first heap   total 49152K, used 21898K [0x0000000602000000, 0x0000000800000000)
  region size 4096K, 2 young (8192K), 1 survivors (4096K)
 Metaspace       used 7721K, committed 7936K, reserved 1114112K
  class space    used 863K, committed 960K, reserved 1048576K
}
Event: 0.584 GC heap after
{Heap after GC invocations=13 (full 0):
 garbage-first heap   total 49152K, used 22125K [0x0000000602000000, 0x0000000800000000)
  region size 4096K, 1 young (4096K), 1 survivors (4096K)
 Metaspace       used 7721K, committed 7936K, reserved 1114112K
  class space    used 863K, committed 960K, reserved 1048576K
}
Event: 0.611 GC heap before
{Heap before GC invocations=14 (full 0):
 garbage-first heap   total 90112K, used 46701K [0x0000000602000000, 0x0000000800000000)
  region size 4096K, 3 young (12288K), 1 survivors (4096K)
 Metaspace       used 7722K, committed 7936K, reserved 1114112K
  class space    used 863K, committed 960K, reserved 1048576K
}
Event: 0.613 GC heap after
{Heap after GC invocations=15 (full 0):
 garbage-first heap   total 90112K, used 23876K [0x0000000602000000, 0x0000000800000000)
  region size 4096K, 1 young (4096K), 1 survivors (4096K)
 Metaspace       used 7722K, committed 7936K, reserved 1114112K
  class space    used 863K, committed 960K, reserved 1048576K
}
Event: 0.813 GC heap before
{Heap before GC invocations=15 (full 0):
 garbage-first heap   total 90112K, used 48452K [0x0000000602000000, 0x0000000800000000)
  region size 4096K, 8 young (32768K), 1 survivors (4096K)
 Metaspace       used 8279K, committed 8448K, reserved 1114112K
  class space    used 912K, committed 1024K, reserved 1048576K
}
Event: 0.818 GC heap after
{Heap after GC invocations=16 (full 0):
 garbage-first heap   total 163840K, used 32334K [0x0000000602000000, 0x0000000800000000)
  region size 4096K, 1 young (4096K), 1 survivors (4096K)
 Metaspace       used 8279K, committed 8448K, reserved 1114112K
  class space    used 912K, committed 1024K, reserved 1048576K
}

